<?xml version="1.0" encoding="UTF-8"?>
<!-- Generated by org.testng.reporters.JUnitXMLReporter -->
<testsuite ignored="10" hostname="AS-40" failures="0" tests="30" name="Test" time="44.141" errors="0" timestamp="2023-05-10T22:03:44 AST">
  <testcase classname="automation.testcases.HomePageTest" name="setup" time="10.238"/>
  <testcase classname="automation.testcases.HomePageTest" name="clickSignup" time="2.442"/>
  <testcase classname="automation.testcases.SignupPageTest" name="CreateRandomData" time="0.621"/>
  <testcase classname="automation.testcases.SignupPageTest" name="addname" time="0.16"/>
  <testcase classname="automation.testcases.SignupPageTest" name="addEmail" time="0.113"/>
  <testcase classname="automation.testcases.SignupPageTest" name="Click_signup_Button" time="2.686"/>
  <testcase classname="automation.testcases.RegisterTest" name="validateTextisDisplayed" time="0.072"/>
  <testcase classname="automation.testcases.RegisterTest" name="selectTitle" time="0.154"/>
  <testcase classname="automation.testcases.RegisterTest" name="insertpassword" time="0.108"/>
  <testcase classname="automation.testcases.RegisterTest" name="selectDay" time="0.079"/>
  <testcase classname="automation.testcases.RegisterTest" name="selectMonth" time="0.097"/>
  <testcase classname="automation.testcases.RegisterTest" name="selectYear" time="0.12"/>
  <testcase classname="automation.testcases.RegisterTest" name="checkNewsletter" time="0.167"/>
  <testcase classname="automation.testcases.RegisterTest" name="checkOptin" time="0.149"/>
  <testcase classname="automation.testcases.RegisterTest" name="scrollAction" time="0.015"/>
  <testcase classname="automation.testcases.AddressDetailsTest" name="insertFirstname" time="0.099"/>
  <testcase classname="automation.testcases.AddressDetailsTest" name="insertLastname" time="0.094"/>
  <testcase classname="automation.testcases.AddressDetailsTest" name="insertCompany" time="0.114"/>
  <testcase classname="automation.testcases.AddressDetailsTest" name="insertprimaryAddress" time="0.103"/>
  <testcase classname="automation.testcases.AddressDetailsTest" name="insertSecondaryAddress" time="0.124"/>
  <testcase classname="automation.testcases.AddressDetailsTest" name="insertCounrty" time="0.051"/>
  <testcase classname="automation.testcases.AddressDetailsTest" name="insertState" time="0.107"/>
  <testcase classname="automation.testcases.AddressDetailsTest" name="insertCity" time="0.114"/>
  <testcase classname="automation.testcases.AddressDetailsTest" name="insertZipcode" time="0.115"/>
  <testcase classname="automation.testcases.AddressDetailsTest" name="insertMobile_Number" time="0.102"/>
  <testcase classname="automation.testcases.AddressDetailsTest" name="CreateAccount" time="2.855"/>
  <testcase classname="automation.testcases.ConfirmCreateadaccountTest" name="VerifyTextisvisable" time="0.064"/>
  <testcase classname="automation.testcases.ConfirmCreateadaccountTest" name="Contiune" time="0.134"/>
  <testcase classname="automation.testcases.ConfirmLoggedaccountTest" name="VerifyTextisvisable" time="11.719"/>
  <testcase classname="automation.testcases.ConfirmLoggedaccountTest" name="Contiune" time="1.59"/>
  <testcase classname="automation.base.BaseClass" name="@AfterSuite afterSuite" time="0.0">
    <ignored/>
  </testcase> <!-- @AfterSuite afterSuite -->
  <testcase classname="automation.base.BaseClass" name="@AfterSuite afterSuite" time="0.0">
    <ignored/>
  </testcase> <!-- @AfterSuite afterSuite -->
  <testcase classname="automation.base.BaseClass" name="@AfterSuite afterSuite" time="0.0">
    <ignored/>
  </testcase> <!-- @AfterSuite afterSuite -->
  <testcase classname="automation.base.BaseClass" name="@AfterSuite afterSuite" time="0.0">
    <ignored/>
  </testcase> <!-- @AfterSuite afterSuite -->
  <testcase classname="automation.base.BaseClass" name="@AfterSuite afterSuite" time="0.0">
    <ignored/>
  </testcase> <!-- @AfterSuite afterSuite -->
  <testcase classname="automation.base.BaseClass" name="@BeforeSuite loadConfig" time="0.0">
    <ignored/>
  </testcase> <!-- @BeforeSuite loadConfig -->
  <testcase classname="automation.base.BaseClass" name="@BeforeSuite loadConfig" time="0.0">
    <ignored/>
  </testcase> <!-- @BeforeSuite loadConfig -->
  <testcase classname="automation.base.BaseClass" name="@BeforeSuite loadConfig" time="0.0">
    <ignored/>
  </testcase> <!-- @BeforeSuite loadConfig -->
  <testcase classname="automation.base.BaseClass" name="@BeforeSuite loadConfig" time="0.0">
    <ignored/>
  </testcase> <!-- @BeforeSuite loadConfig -->
  <testcase classname="automation.base.BaseClass" name="@BeforeSuite loadConfig" time="0.0">
    <ignored/>
  </testcase> <!-- @BeforeSuite loadConfig -->
</testsuite> <!-- Test -->
