<?xml version="1.0" encoding="UTF-8"?>
<!-- Generated by org.testng.reporters.JUnitXMLReporter -->
<testsuite ignored="10" hostname="AS-40" failures="0" tests="30" name="Test" time="35.12" errors="0" timestamp="2023-05-11T14:31:01 AST">
  <testcase classname="automation.testcases.HomePageTest" name="setup" time="5.136"/>
  <testcase classname="automation.testcases.HomePageTest" name="clickSignup" time="1.121"/>
  <testcase classname="automation.testcases.SignupPageTest" name="CreateRandomData" time="0.501"/>
  <testcase classname="automation.testcases.SignupPageTest" name="addname" time="0.104"/>
  <testcase classname="automation.testcases.SignupPageTest" name="addEmail" time="0.099"/>
  <testcase classname="automation.testcases.SignupPageTest" name="Click_signup_Button" time="1.899"/>
  <testcase classname="automation.testcases.RegisterTest" name="validateTextisDisplayed" time="0.077"/>
  <testcase classname="automation.testcases.RegisterTest" name="selectTitle" time="0.124"/>
  <testcase classname="automation.testcases.RegisterTest" name="insertpassword" time="0.084"/>
  <testcase classname="automation.testcases.RegisterTest" name="selectDay" time="0.066"/>
  <testcase classname="automation.testcases.RegisterTest" name="selectMonth" time="0.078"/>
  <testcase classname="automation.testcases.RegisterTest" name="selectYear" time="0.1"/>
  <testcase classname="automation.testcases.RegisterTest" name="checkNewsletter" time="0.143"/>
  <testcase classname="automation.testcases.RegisterTest" name="checkOptin" time="0.123"/>
  <testcase classname="automation.testcases.RegisterTest" name="scrollAction" time="0.011"/>
  <testcase classname="automation.testcases.AddressDetailsTest" name="insertFirstname" time="0.079"/>
  <testcase classname="automation.testcases.AddressDetailsTest" name="insertLastname" time="0.079"/>
  <testcase classname="automation.testcases.AddressDetailsTest" name="insertCompany" time="0.086"/>
  <testcase classname="automation.testcases.AddressDetailsTest" name="insertprimaryAddress" time="0.079"/>
  <testcase classname="automation.testcases.AddressDetailsTest" name="insertSecondaryAddress" time="0.113"/>
  <testcase classname="automation.testcases.AddressDetailsTest" name="insertCounrty" time="0.035"/>
  <testcase classname="automation.testcases.AddressDetailsTest" name="insertState" time="0.078"/>
  <testcase classname="automation.testcases.AddressDetailsTest" name="insertCity" time="0.079"/>
  <testcase classname="automation.testcases.AddressDetailsTest" name="insertZipcode" time="0.076"/>
  <testcase classname="automation.testcases.AddressDetailsTest" name="insertMobile_Number" time="0.083"/>
  <testcase classname="automation.testcases.AddressDetailsTest" name="CreateAccount" time="1.472"/>
  <testcase classname="automation.testcases.ConfirmCreateadaccountTest" name="VerifyTextisvisable" time="0.06"/>
  <testcase classname="automation.testcases.ConfirmCreateadaccountTest" name="Contiune" time="16.149"/>
  <testcase classname="automation.testcases.ConfirmLoggedaccountTest" name="VerifyTextisvisable" time="0.053"/>
  <testcase classname="automation.testcases.ConfirmLoggedaccountTest" name="Contiune" time="1.658"/>
  <testcase classname="automation.base.BaseClass" name="@AfterSuite afterSuite" time="0.0">
    <ignored/>
  </testcase> <!-- @AfterSuite afterSuite -->
  <testcase classname="automation.base.BaseClass" name="@AfterSuite afterSuite" time="0.0">
    <ignored/>
  </testcase> <!-- @AfterSuite afterSuite -->
  <testcase classname="automation.base.BaseClass" name="@AfterSuite afterSuite" time="0.0">
    <ignored/>
  </testcase> <!-- @AfterSuite afterSuite -->
  <testcase classname="automation.base.BaseClass" name="@AfterSuite afterSuite" time="0.0">
    <ignored/>
  </testcase> <!-- @AfterSuite afterSuite -->
  <testcase classname="automation.base.BaseClass" name="@AfterSuite afterSuite" time="0.0">
    <ignored/>
  </testcase> <!-- @AfterSuite afterSuite -->
  <testcase classname="automation.base.BaseClass" name="@BeforeSuite loadConfig" time="0.0">
    <ignored/>
  </testcase> <!-- @BeforeSuite loadConfig -->
  <testcase classname="automation.base.BaseClass" name="@BeforeSuite loadConfig" time="0.0">
    <ignored/>
  </testcase> <!-- @BeforeSuite loadConfig -->
  <testcase classname="automation.base.BaseClass" name="@BeforeSuite loadConfig" time="0.0">
    <ignored/>
  </testcase> <!-- @BeforeSuite loadConfig -->
  <testcase classname="automation.base.BaseClass" name="@BeforeSuite loadConfig" time="0.0">
    <ignored/>
  </testcase> <!-- @BeforeSuite loadConfig -->
  <testcase classname="automation.base.BaseClass" name="@BeforeSuite loadConfig" time="0.0">
    <ignored/>
  </testcase> <!-- @BeforeSuite loadConfig -->
</testsuite> <!-- Test -->
