<?xml version="1.0" encoding="UTF-8"?>
<testng-results ignored="10" total="40" passed="30" failed="0" skipped="0">
  <reporter-output>
  </reporter-output>
  <suite started-at="2023-05-10T22:03:00 AST" name="Suite" finished-at="2023-05-10T22:03:44 AST" duration-ms="44141">
    <groups>
    </groups>
    <test started-at="2023-05-10T22:03:00 AST" name="Test" finished-at="2023-05-10T22:03:44 AST" duration-ms="44141">
      <class name="automation.testcases.HomePageTest">
        <test-method is-config="true" signature="loadConfig()[pri:0, instance:automation.testcases.HomePageTest@77eca502]" started-at="2023-05-10T22:03:00 AST" name="loadConfig" finished-at="2023-05-10T22:03:00 AST" duration-ms="219" status="PASS">
          <reporter-output>
          </reporter-output>
        </test-method> <!-- loadConfig -->
        <test-method signature="setup(java.lang.String)[pri:1, instance:automation.testcases.HomePageTest@77eca502]" started-at="2023-05-10T22:03:00 AST" name="setup" finished-at="2023-05-10T22:03:10 AST" duration-ms="10238" status="PASS">
          <params>
            <param index="0">
              <value>
                <![CDATA[chrome]]>
              </value>
            </param>
          </params>
          <reporter-output>
          </reporter-output>
        </test-method> <!-- setup -->
        <test-method signature="clickSignup()[pri:2, instance:automation.testcases.HomePageTest@77eca502]" started-at="2023-05-10T22:03:11 AST" name="clickSignup" finished-at="2023-05-10T22:03:13 AST" duration-ms="2442" status="PASS">
          <reporter-output>
          </reporter-output>
        </test-method> <!-- clickSignup -->
        <test-method is-config="true" signature="afterSuite()[pri:0, instance:automation.testcases.HomePageTest@77eca502]" started-at="2023-05-10T22:03:44 AST" name="afterSuite" finished-at="2023-05-10T22:03:45 AST" duration-ms="934" status="PASS">
          <reporter-output>
          </reporter-output>
        </test-method> <!-- afterSuite -->
      </class> <!-- automation.testcases.HomePageTest -->
      <class name="automation.testcases.ConfirmCreateadaccountTest">
        <test-method signature="VerifyTextisvisable()[pri:1, instance:automation.testcases.ConfirmCreateadaccountTest@73ee04c8]" started-at="2023-05-10T22:03:29 AST" name="VerifyTextisvisable" finished-at="2023-05-10T22:03:29 AST" duration-ms="64" status="PASS">
          <reporter-output>
          </reporter-output>
        </test-method> <!-- VerifyTextisvisable -->
        <test-method signature="Contiune()[pri:2, instance:automation.testcases.ConfirmCreateadaccountTest@73ee04c8]" started-at="2023-05-10T22:03:30 AST" name="Contiune" finished-at="2023-05-10T22:03:30 AST" duration-ms="134" status="PASS">
          <reporter-output>
          </reporter-output>
        </test-method> <!-- Contiune -->
      </class> <!-- automation.testcases.ConfirmCreateadaccountTest -->
      <class name="automation.testcases.SignupPageTest">
        <test-method signature="CreateRandomData()[pri:1, instance:automation.testcases.SignupPageTest@3246fb96]" started-at="2023-05-10T22:03:13 AST" name="CreateRandomData" finished-at="2023-05-10T22:03:14 AST" duration-ms="621" status="PASS">
          <reporter-output>
          </reporter-output>
        </test-method> <!-- CreateRandomData -->
        <test-method signature="addname(java.lang.String, java.lang.String, java.lang.String, java.lang.String, java.lang.String, java.lang.String, java.lang.String, java.lang.String, java.lang.String, java.lang.String, java.lang.String, java.lang.String, java.lang.String)[pri:2, instance:automation.testcases.SignupPageTest@3246fb96]" started-at="2023-05-10T22:03:14 AST" name="addname" data-provider="Account" finished-at="2023-05-10T22:03:14 AST" duration-ms="160" status="PASS">
          <params>
            <param index="0">
              <value>
                <![CDATA[Guy]]>
              </value>
            </param>
            <param index="1">
              <value>
                <![CDATA[garth.fay@gmail.com]]>
              </value>
            </param>
            <param index="2">
              <value>
                <![CDATA[ahhx9otk]]>
              </value>
            </param>
            <param index="3">
              <value>
                <![CDATA[Guy]]>
              </value>
            </param>
            <param index="4">
              <value>
                <![CDATA[Effertz]]>
              </value>
            </param>
            <param index="5">
              <value>
                <![CDATA[Cole, Dare and Kuvalis]]>
              </value>
            </param>
            <param index="6">
              <value>
                <![CDATA[Gilda]]>
              </value>
            </param>
            <param index="7">
              <value>
                <![CDATA[Apt. 723]]>
              </value>
            </param>
            <param index="8">
              <value>
                <![CDATA[The Valley]]>
              </value>
            </param>
            <param index="9">
              <value>
                <![CDATA[California]]>
              </value>
            </param>
            <param index="10">
              <value>
                <![CDATA[North Elyseberg]]>
              </value>
            </param>
            <param index="11">
              <value>
                <![CDATA[92423]]>
              </value>
            </param>
            <param index="12">
              <value>
                <![CDATA[1-847-891-5162]]>
              </value>
            </param>
          </params>
          <reporter-output>
          </reporter-output>
        </test-method> <!-- addname -->
        <test-method signature="addEmail(java.lang.String, java.lang.String, java.lang.String, java.lang.String, java.lang.String, java.lang.String, java.lang.String, java.lang.String, java.lang.String, java.lang.String, java.lang.String, java.lang.String, java.lang.String)[pri:3, instance:automation.testcases.SignupPageTest@3246fb96]" started-at="2023-05-10T22:03:14 AST" name="addEmail" data-provider="Account" finished-at="2023-05-10T22:03:15 AST" duration-ms="113" status="PASS">
          <params>
            <param index="0">
              <value>
                <![CDATA[Guy]]>
              </value>
            </param>
            <param index="1">
              <value>
                <![CDATA[garth.fay@gmail.com]]>
              </value>
            </param>
            <param index="2">
              <value>
                <![CDATA[ahhx9otk]]>
              </value>
            </param>
            <param index="3">
              <value>
                <![CDATA[Guy]]>
              </value>
            </param>
            <param index="4">
              <value>
                <![CDATA[Effertz]]>
              </value>
            </param>
            <param index="5">
              <value>
                <![CDATA[Cole, Dare and Kuvalis]]>
              </value>
            </param>
            <param index="6">
              <value>
                <![CDATA[Gilda]]>
              </value>
            </param>
            <param index="7">
              <value>
                <![CDATA[Apt. 723]]>
              </value>
            </param>
            <param index="8">
              <value>
                <![CDATA[The Valley]]>
              </value>
            </param>
            <param index="9">
              <value>
                <![CDATA[California]]>
              </value>
            </param>
            <param index="10">
              <value>
                <![CDATA[North Elyseberg]]>
              </value>
            </param>
            <param index="11">
              <value>
                <![CDATA[92423]]>
              </value>
            </param>
            <param index="12">
              <value>
                <![CDATA[1-847-891-5162]]>
              </value>
            </param>
          </params>
          <reporter-output>
          </reporter-output>
        </test-method> <!-- addEmail -->
        <test-method signature="Click_signup_Button()[pri:4, instance:automation.testcases.SignupPageTest@3246fb96]" started-at="2023-05-10T22:03:15 AST" name="Click_signup_Button" finished-at="2023-05-10T22:03:17 AST" duration-ms="2686" status="PASS">
          <reporter-output>
          </reporter-output>
        </test-method> <!-- Click_signup_Button -->
      </class> <!-- automation.testcases.SignupPageTest -->
      <class name="automation.testcases.ConfirmLoggedaccountTest">
        <test-method signature="VerifyTextisvisable()[pri:1, instance:automation.testcases.ConfirmLoggedaccountTest@7671cb68]" started-at="2023-05-10T22:03:30 AST" name="VerifyTextisvisable" finished-at="2023-05-10T22:03:42 AST" duration-ms="11719" status="PASS">
          <reporter-output>
          </reporter-output>
        </test-method> <!-- VerifyTextisvisable -->
        <test-method signature="Contiune()[pri:2, instance:automation.testcases.ConfirmLoggedaccountTest@7671cb68]" started-at="2023-05-10T22:03:42 AST" name="Contiune" finished-at="2023-05-10T22:03:44 AST" duration-ms="1590" status="PASS">
          <reporter-output>
          </reporter-output>
        </test-method> <!-- Contiune -->
      </class> <!-- automation.testcases.ConfirmLoggedaccountTest -->
      <class name="automation.testcases.AddressDetailsTest">
        <test-method signature="insertFirstname(java.lang.String, java.lang.String, java.lang.String, java.lang.String, java.lang.String, java.lang.String, java.lang.String, java.lang.String, java.lang.String, java.lang.String, java.lang.String, java.lang.String, java.lang.String)[pri:1, instance:automation.testcases.AddressDetailsTest@61386958]" started-at="2023-05-10T22:03:22 AST" name="insertFirstname" data-provider="Account" finished-at="2023-05-10T22:03:22 AST" duration-ms="99" status="PASS">
          <params>
            <param index="0">
              <value>
                <![CDATA[Guy]]>
              </value>
            </param>
            <param index="1">
              <value>
                <![CDATA[garth.fay@gmail.com]]>
              </value>
            </param>
            <param index="2">
              <value>
                <![CDATA[ahhx9otk]]>
              </value>
            </param>
            <param index="3">
              <value>
                <![CDATA[Guy]]>
              </value>
            </param>
            <param index="4">
              <value>
                <![CDATA[Effertz]]>
              </value>
            </param>
            <param index="5">
              <value>
                <![CDATA[Cole, Dare and Kuvalis]]>
              </value>
            </param>
            <param index="6">
              <value>
                <![CDATA[Gilda]]>
              </value>
            </param>
            <param index="7">
              <value>
                <![CDATA[Apt. 723]]>
              </value>
            </param>
            <param index="8">
              <value>
                <![CDATA[The Valley]]>
              </value>
            </param>
            <param index="9">
              <value>
                <![CDATA[California]]>
              </value>
            </param>
            <param index="10">
              <value>
                <![CDATA[North Elyseberg]]>
              </value>
            </param>
            <param index="11">
              <value>
                <![CDATA[92423]]>
              </value>
            </param>
            <param index="12">
              <value>
                <![CDATA[1-847-891-5162]]>
              </value>
            </param>
          </params>
          <reporter-output>
          </reporter-output>
        </test-method> <!-- insertFirstname -->
        <test-method signature="insertLastname(java.lang.String, java.lang.String, java.lang.String, java.lang.String, java.lang.String, java.lang.String, java.lang.String, java.lang.String, java.lang.String, java.lang.String, java.lang.String, java.lang.String, java.lang.String)[pri:2, instance:automation.testcases.AddressDetailsTest@61386958]" started-at="2023-05-10T22:03:22 AST" name="insertLastname" data-provider="Account" finished-at="2023-05-10T22:03:22 AST" duration-ms="94" status="PASS">
          <params>
            <param index="0">
              <value>
                <![CDATA[Guy]]>
              </value>
            </param>
            <param index="1">
              <value>
                <![CDATA[garth.fay@gmail.com]]>
              </value>
            </param>
            <param index="2">
              <value>
                <![CDATA[ahhx9otk]]>
              </value>
            </param>
            <param index="3">
              <value>
                <![CDATA[Guy]]>
              </value>
            </param>
            <param index="4">
              <value>
                <![CDATA[Effertz]]>
              </value>
            </param>
            <param index="5">
              <value>
                <![CDATA[Cole, Dare and Kuvalis]]>
              </value>
            </param>
            <param index="6">
              <value>
                <![CDATA[Gilda]]>
              </value>
            </param>
            <param index="7">
              <value>
                <![CDATA[Apt. 723]]>
              </value>
            </param>
            <param index="8">
              <value>
                <![CDATA[The Valley]]>
              </value>
            </param>
            <param index="9">
              <value>
                <![CDATA[California]]>
              </value>
            </param>
            <param index="10">
              <value>
                <![CDATA[North Elyseberg]]>
              </value>
            </param>
            <param index="11">
              <value>
                <![CDATA[92423]]>
              </value>
            </param>
            <param index="12">
              <value>
                <![CDATA[1-847-891-5162]]>
              </value>
            </param>
          </params>
          <reporter-output>
          </reporter-output>
        </test-method> <!-- insertLastname -->
        <test-method signature="insertCompany(java.lang.String, java.lang.String, java.lang.String, java.lang.String, java.lang.String, java.lang.String, java.lang.String, java.lang.String, java.lang.String, java.lang.String, java.lang.String, java.lang.String, java.lang.String)[pri:3, instance:automation.testcases.AddressDetailsTest@61386958]" started-at="2023-05-10T22:03:23 AST" name="insertCompany" data-provider="Account" finished-at="2023-05-10T22:03:23 AST" duration-ms="114" status="PASS">
          <params>
            <param index="0">
              <value>
                <![CDATA[Guy]]>
              </value>
            </param>
            <param index="1">
              <value>
                <![CDATA[garth.fay@gmail.com]]>
              </value>
            </param>
            <param index="2">
              <value>
                <![CDATA[ahhx9otk]]>
              </value>
            </param>
            <param index="3">
              <value>
                <![CDATA[Guy]]>
              </value>
            </param>
            <param index="4">
              <value>
                <![CDATA[Effertz]]>
              </value>
            </param>
            <param index="5">
              <value>
                <![CDATA[Cole, Dare and Kuvalis]]>
              </value>
            </param>
            <param index="6">
              <value>
                <![CDATA[Gilda]]>
              </value>
            </param>
            <param index="7">
              <value>
                <![CDATA[Apt. 723]]>
              </value>
            </param>
            <param index="8">
              <value>
                <![CDATA[The Valley]]>
              </value>
            </param>
            <param index="9">
              <value>
                <![CDATA[California]]>
              </value>
            </param>
            <param index="10">
              <value>
                <![CDATA[North Elyseberg]]>
              </value>
            </param>
            <param index="11">
              <value>
                <![CDATA[92423]]>
              </value>
            </param>
            <param index="12">
              <value>
                <![CDATA[1-847-891-5162]]>
              </value>
            </param>
          </params>
          <reporter-output>
          </reporter-output>
        </test-method> <!-- insertCompany -->
        <test-method signature="insertprimaryAddress(java.lang.String, java.lang.String, java.lang.String, java.lang.String, java.lang.String, java.lang.String, java.lang.String, java.lang.String, java.lang.String, java.lang.String, java.lang.String, java.lang.String, java.lang.String)[pri:4, instance:automation.testcases.AddressDetailsTest@61386958]" started-at="2023-05-10T22:03:23 AST" name="insertprimaryAddress" data-provider="Account" finished-at="2023-05-10T22:03:23 AST" duration-ms="103" status="PASS">
          <params>
            <param index="0">
              <value>
                <![CDATA[Guy]]>
              </value>
            </param>
            <param index="1">
              <value>
                <![CDATA[garth.fay@gmail.com]]>
              </value>
            </param>
            <param index="2">
              <value>
                <![CDATA[ahhx9otk]]>
              </value>
            </param>
            <param index="3">
              <value>
                <![CDATA[Guy]]>
              </value>
            </param>
            <param index="4">
              <value>
                <![CDATA[Effertz]]>
              </value>
            </param>
            <param index="5">
              <value>
                <![CDATA[Cole, Dare and Kuvalis]]>
              </value>
            </param>
            <param index="6">
              <value>
                <![CDATA[Gilda]]>
              </value>
            </param>
            <param index="7">
              <value>
                <![CDATA[Apt. 723]]>
              </value>
            </param>
            <param index="8">
              <value>
                <![CDATA[The Valley]]>
              </value>
            </param>
            <param index="9">
              <value>
                <![CDATA[California]]>
              </value>
            </param>
            <param index="10">
              <value>
                <![CDATA[North Elyseberg]]>
              </value>
            </param>
            <param index="11">
              <value>
                <![CDATA[92423]]>
              </value>
            </param>
            <param index="12">
              <value>
                <![CDATA[1-847-891-5162]]>
              </value>
            </param>
          </params>
          <reporter-output>
          </reporter-output>
        </test-method> <!-- insertprimaryAddress -->
        <test-method signature="insertSecondaryAddress(java.lang.String, java.lang.String, java.lang.String, java.lang.String, java.lang.String, java.lang.String, java.lang.String, java.lang.String, java.lang.String, java.lang.String, java.lang.String, java.lang.String, java.lang.String)[pri:5, instance:automation.testcases.AddressDetailsTest@61386958]" started-at="2023-05-10T22:03:23 AST" name="insertSecondaryAddress" data-provider="Account" finished-at="2023-05-10T22:03:24 AST" duration-ms="124" status="PASS">
          <params>
            <param index="0">
              <value>
                <![CDATA[Guy]]>
              </value>
            </param>
            <param index="1">
              <value>
                <![CDATA[garth.fay@gmail.com]]>
              </value>
            </param>
            <param index="2">
              <value>
                <![CDATA[ahhx9otk]]>
              </value>
            </param>
            <param index="3">
              <value>
                <![CDATA[Guy]]>
              </value>
            </param>
            <param index="4">
              <value>
                <![CDATA[Effertz]]>
              </value>
            </param>
            <param index="5">
              <value>
                <![CDATA[Cole, Dare and Kuvalis]]>
              </value>
            </param>
            <param index="6">
              <value>
                <![CDATA[Gilda]]>
              </value>
            </param>
            <param index="7">
              <value>
                <![CDATA[Apt. 723]]>
              </value>
            </param>
            <param index="8">
              <value>
                <![CDATA[The Valley]]>
              </value>
            </param>
            <param index="9">
              <value>
                <![CDATA[California]]>
              </value>
            </param>
            <param index="10">
              <value>
                <![CDATA[North Elyseberg]]>
              </value>
            </param>
            <param index="11">
              <value>
                <![CDATA[92423]]>
              </value>
            </param>
            <param index="12">
              <value>
                <![CDATA[1-847-891-5162]]>
              </value>
            </param>
          </params>
          <reporter-output>
          </reporter-output>
        </test-method> <!-- insertSecondaryAddress -->
        <test-method signature="insertCounrty(java.lang.String, java.lang.String, java.lang.String, java.lang.String, java.lang.String, java.lang.String, java.lang.String, java.lang.String, java.lang.String, java.lang.String, java.lang.String, java.lang.String, java.lang.String)[pri:6, instance:automation.testcases.AddressDetailsTest@61386958]" started-at="2023-05-10T22:03:24 AST" name="insertCounrty" data-provider="Account" finished-at="2023-05-10T22:03:24 AST" duration-ms="51" status="PASS">
          <params>
            <param index="0">
              <value>
                <![CDATA[Guy]]>
              </value>
            </param>
            <param index="1">
              <value>
                <![CDATA[garth.fay@gmail.com]]>
              </value>
            </param>
            <param index="2">
              <value>
                <![CDATA[ahhx9otk]]>
              </value>
            </param>
            <param index="3">
              <value>
                <![CDATA[Guy]]>
              </value>
            </param>
            <param index="4">
              <value>
                <![CDATA[Effertz]]>
              </value>
            </param>
            <param index="5">
              <value>
                <![CDATA[Cole, Dare and Kuvalis]]>
              </value>
            </param>
            <param index="6">
              <value>
                <![CDATA[Gilda]]>
              </value>
            </param>
            <param index="7">
              <value>
                <![CDATA[Apt. 723]]>
              </value>
            </param>
            <param index="8">
              <value>
                <![CDATA[The Valley]]>
              </value>
            </param>
            <param index="9">
              <value>
                <![CDATA[California]]>
              </value>
            </param>
            <param index="10">
              <value>
                <![CDATA[North Elyseberg]]>
              </value>
            </param>
            <param index="11">
              <value>
                <![CDATA[92423]]>
              </value>
            </param>
            <param index="12">
              <value>
                <![CDATA[1-847-891-5162]]>
              </value>
            </param>
          </params>
          <reporter-output>
          </reporter-output>
        </test-method> <!-- insertCounrty -->
        <test-method signature="insertState(java.lang.String, java.lang.String, java.lang.String, java.lang.String, java.lang.String, java.lang.String, java.lang.String, java.lang.String, java.lang.String, java.lang.String, java.lang.String, java.lang.String, java.lang.String)[pri:7, instance:automation.testcases.AddressDetailsTest@61386958]" started-at="2023-05-10T22:03:24 AST" name="insertState" data-provider="Account" finished-at="2023-05-10T22:03:24 AST" duration-ms="107" status="PASS">
          <params>
            <param index="0">
              <value>
                <![CDATA[Guy]]>
              </value>
            </param>
            <param index="1">
              <value>
                <![CDATA[garth.fay@gmail.com]]>
              </value>
            </param>
            <param index="2">
              <value>
                <![CDATA[ahhx9otk]]>
              </value>
            </param>
            <param index="3">
              <value>
                <![CDATA[Guy]]>
              </value>
            </param>
            <param index="4">
              <value>
                <![CDATA[Effertz]]>
              </value>
            </param>
            <param index="5">
              <value>
                <![CDATA[Cole, Dare and Kuvalis]]>
              </value>
            </param>
            <param index="6">
              <value>
                <![CDATA[Gilda]]>
              </value>
            </param>
            <param index="7">
              <value>
                <![CDATA[Apt. 723]]>
              </value>
            </param>
            <param index="8">
              <value>
                <![CDATA[The Valley]]>
              </value>
            </param>
            <param index="9">
              <value>
                <![CDATA[California]]>
              </value>
            </param>
            <param index="10">
              <value>
                <![CDATA[North Elyseberg]]>
              </value>
            </param>
            <param index="11">
              <value>
                <![CDATA[92423]]>
              </value>
            </param>
            <param index="12">
              <value>
                <![CDATA[1-847-891-5162]]>
              </value>
            </param>
          </params>
          <reporter-output>
          </reporter-output>
        </test-method> <!-- insertState -->
        <test-method signature="insertCity(java.lang.String, java.lang.String, java.lang.String, java.lang.String, java.lang.String, java.lang.String, java.lang.String, java.lang.String, java.lang.String, java.lang.String, java.lang.String, java.lang.String, java.lang.String)[pri:8, instance:automation.testcases.AddressDetailsTest@61386958]" started-at="2023-05-10T22:03:25 AST" name="insertCity" data-provider="Account" finished-at="2023-05-10T22:03:25 AST" duration-ms="114" status="PASS">
          <params>
            <param index="0">
              <value>
                <![CDATA[Guy]]>
              </value>
            </param>
            <param index="1">
              <value>
                <![CDATA[garth.fay@gmail.com]]>
              </value>
            </param>
            <param index="2">
              <value>
                <![CDATA[ahhx9otk]]>
              </value>
            </param>
            <param index="3">
              <value>
                <![CDATA[Guy]]>
              </value>
            </param>
            <param index="4">
              <value>
                <![CDATA[Effertz]]>
              </value>
            </param>
            <param index="5">
              <value>
                <![CDATA[Cole, Dare and Kuvalis]]>
              </value>
            </param>
            <param index="6">
              <value>
                <![CDATA[Gilda]]>
              </value>
            </param>
            <param index="7">
              <value>
                <![CDATA[Apt. 723]]>
              </value>
            </param>
            <param index="8">
              <value>
                <![CDATA[The Valley]]>
              </value>
            </param>
            <param index="9">
              <value>
                <![CDATA[California]]>
              </value>
            </param>
            <param index="10">
              <value>
                <![CDATA[North Elyseberg]]>
              </value>
            </param>
            <param index="11">
              <value>
                <![CDATA[92423]]>
              </value>
            </param>
            <param index="12">
              <value>
                <![CDATA[1-847-891-5162]]>
              </value>
            </param>
          </params>
          <reporter-output>
          </reporter-output>
        </test-method> <!-- insertCity -->
        <test-method signature="insertZipcode(java.lang.String, java.lang.String, java.lang.String, java.lang.String, java.lang.String, java.lang.String, java.lang.String, java.lang.String, java.lang.String, java.lang.String, java.lang.String, java.lang.String, java.lang.String)[pri:9, instance:automation.testcases.AddressDetailsTest@61386958]" started-at="2023-05-10T22:03:25 AST" name="insertZipcode" data-provider="Account" finished-at="2023-05-10T22:03:25 AST" duration-ms="115" status="PASS">
          <params>
            <param index="0">
              <value>
                <![CDATA[Guy]]>
              </value>
            </param>
            <param index="1">
              <value>
                <![CDATA[garth.fay@gmail.com]]>
              </value>
            </param>
            <param index="2">
              <value>
                <![CDATA[ahhx9otk]]>
              </value>
            </param>
            <param index="3">
              <value>
                <![CDATA[Guy]]>
              </value>
            </param>
            <param index="4">
              <value>
                <![CDATA[Effertz]]>
              </value>
            </param>
            <param index="5">
              <value>
                <![CDATA[Cole, Dare and Kuvalis]]>
              </value>
            </param>
            <param index="6">
              <value>
                <![CDATA[Gilda]]>
              </value>
            </param>
            <param index="7">
              <value>
                <![CDATA[Apt. 723]]>
              </value>
            </param>
            <param index="8">
              <value>
                <![CDATA[The Valley]]>
              </value>
            </param>
            <param index="9">
              <value>
                <![CDATA[California]]>
              </value>
            </param>
            <param index="10">
              <value>
                <![CDATA[North Elyseberg]]>
              </value>
            </param>
            <param index="11">
              <value>
                <![CDATA[92423]]>
              </value>
            </param>
            <param index="12">
              <value>
                <![CDATA[1-847-891-5162]]>
              </value>
            </param>
          </params>
          <reporter-output>
          </reporter-output>
        </test-method> <!-- insertZipcode -->
        <test-method signature="insertMobile_Number(java.lang.String, java.lang.String, java.lang.String, java.lang.String, java.lang.String, java.lang.String, java.lang.String, java.lang.String, java.lang.String, java.lang.String, java.lang.String, java.lang.String, java.lang.String)[pri:10, instance:automation.testcases.AddressDetailsTest@61386958]" started-at="2023-05-10T22:03:26 AST" name="insertMobile_Number" data-provider="Account" finished-at="2023-05-10T22:03:26 AST" duration-ms="102" status="PASS">
          <params>
            <param index="0">
              <value>
                <![CDATA[Guy]]>
              </value>
            </param>
            <param index="1">
              <value>
                <![CDATA[garth.fay@gmail.com]]>
              </value>
            </param>
            <param index="2">
              <value>
                <![CDATA[ahhx9otk]]>
              </value>
            </param>
            <param index="3">
              <value>
                <![CDATA[Guy]]>
              </value>
            </param>
            <param index="4">
              <value>
                <![CDATA[Effertz]]>
              </value>
            </param>
            <param index="5">
              <value>
                <![CDATA[Cole, Dare and Kuvalis]]>
              </value>
            </param>
            <param index="6">
              <value>
                <![CDATA[Gilda]]>
              </value>
            </param>
            <param index="7">
              <value>
                <![CDATA[Apt. 723]]>
              </value>
            </param>
            <param index="8">
              <value>
                <![CDATA[The Valley]]>
              </value>
            </param>
            <param index="9">
              <value>
                <![CDATA[California]]>
              </value>
            </param>
            <param index="10">
              <value>
                <![CDATA[North Elyseberg]]>
              </value>
            </param>
            <param index="11">
              <value>
                <![CDATA[92423]]>
              </value>
            </param>
            <param index="12">
              <value>
                <![CDATA[1-847-891-5162]]>
              </value>
            </param>
          </params>
          <reporter-output>
          </reporter-output>
        </test-method> <!-- insertMobile_Number -->
        <test-method signature="CreateAccount()[pri:11, instance:automation.testcases.AddressDetailsTest@61386958]" started-at="2023-05-10T22:03:26 AST" name="CreateAccount" finished-at="2023-05-10T22:03:29 AST" duration-ms="2855" status="PASS">
          <reporter-output>
          </reporter-output>
        </test-method> <!-- CreateAccount -->
      </class> <!-- automation.testcases.AddressDetailsTest -->
      <class name="automation.testcases.RegisterTest">
        <test-method signature="validateTextisDisplayed()[pri:1, instance:automation.testcases.RegisterTest@2e222612]" started-at="2023-05-10T22:03:18 AST" name="validateTextisDisplayed" finished-at="2023-05-10T22:03:18 AST" duration-ms="72" status="PASS">
          <reporter-output>
          </reporter-output>
        </test-method> <!-- validateTextisDisplayed -->
        <test-method signature="selectTitle()[pri:2, instance:automation.testcases.RegisterTest@2e222612]" started-at="2023-05-10T22:03:18 AST" name="selectTitle" finished-at="2023-05-10T22:03:18 AST" duration-ms="154" status="PASS">
          <reporter-output>
          </reporter-output>
        </test-method> <!-- selectTitle -->
        <test-method signature="insertpassword(java.lang.String, java.lang.String, java.lang.String, java.lang.String, java.lang.String, java.lang.String, java.lang.String, java.lang.String, java.lang.String, java.lang.String, java.lang.String, java.lang.String, java.lang.String)[pri:3, instance:automation.testcases.RegisterTest@2e222612]" started-at="2023-05-10T22:03:19 AST" name="insertpassword" data-provider="Account" finished-at="2023-05-10T22:03:19 AST" duration-ms="108" status="PASS">
          <params>
            <param index="0">
              <value>
                <![CDATA[Guy]]>
              </value>
            </param>
            <param index="1">
              <value>
                <![CDATA[garth.fay@gmail.com]]>
              </value>
            </param>
            <param index="2">
              <value>
                <![CDATA[ahhx9otk]]>
              </value>
            </param>
            <param index="3">
              <value>
                <![CDATA[Guy]]>
              </value>
            </param>
            <param index="4">
              <value>
                <![CDATA[Effertz]]>
              </value>
            </param>
            <param index="5">
              <value>
                <![CDATA[Cole, Dare and Kuvalis]]>
              </value>
            </param>
            <param index="6">
              <value>
                <![CDATA[Gilda]]>
              </value>
            </param>
            <param index="7">
              <value>
                <![CDATA[Apt. 723]]>
              </value>
            </param>
            <param index="8">
              <value>
                <![CDATA[The Valley]]>
              </value>
            </param>
            <param index="9">
              <value>
                <![CDATA[California]]>
              </value>
            </param>
            <param index="10">
              <value>
                <![CDATA[North Elyseberg]]>
              </value>
            </param>
            <param index="11">
              <value>
                <![CDATA[92423]]>
              </value>
            </param>
            <param index="12">
              <value>
                <![CDATA[1-847-891-5162]]>
              </value>
            </param>
          </params>
          <reporter-output>
          </reporter-output>
        </test-method> <!-- insertpassword -->
        <test-method signature="selectDay()[pri:4, instance:automation.testcases.RegisterTest@2e222612]" started-at="2023-05-10T22:03:19 AST" name="selectDay" finished-at="2023-05-10T22:03:19 AST" duration-ms="79" status="PASS">
          <reporter-output>
          </reporter-output>
        </test-method> <!-- selectDay -->
        <test-method signature="selectMonth()[pri:5, instance:automation.testcases.RegisterTest@2e222612]" started-at="2023-05-10T22:03:20 AST" name="selectMonth" finished-at="2023-05-10T22:03:20 AST" duration-ms="97" status="PASS">
          <reporter-output>
          </reporter-output>
        </test-method> <!-- selectMonth -->
        <test-method signature="selectYear()[pri:6, instance:automation.testcases.RegisterTest@2e222612]" started-at="2023-05-10T22:03:20 AST" name="selectYear" finished-at="2023-05-10T22:03:20 AST" duration-ms="120" status="PASS">
          <reporter-output>
          </reporter-output>
        </test-method> <!-- selectYear -->
        <test-method signature="checkNewsletter()[pri:7, instance:automation.testcases.RegisterTest@2e222612]" started-at="2023-05-10T22:03:20 AST" name="checkNewsletter" finished-at="2023-05-10T22:03:21 AST" duration-ms="167" status="PASS">
          <reporter-output>
          </reporter-output>
        </test-method> <!-- checkNewsletter -->
        <test-method signature="checkOptin()[pri:8, instance:automation.testcases.RegisterTest@2e222612]" started-at="2023-05-10T22:03:21 AST" name="checkOptin" finished-at="2023-05-10T22:03:21 AST" duration-ms="149" status="PASS">
          <reporter-output>
          </reporter-output>
        </test-method> <!-- checkOptin -->
        <test-method signature="scrollAction()[pri:9, instance:automation.testcases.RegisterTest@2e222612]" started-at="2023-05-10T22:03:21 AST" name="scrollAction" finished-at="2023-05-10T22:03:21 AST" duration-ms="15" status="PASS">
          <reporter-output>
          </reporter-output>
        </test-method> <!-- scrollAction -->
      </class> <!-- automation.testcases.RegisterTest -->
    </test> <!-- Test -->
  </suite> <!-- Suite -->
</testng-results>
